<?xml version="1.0" encoding="UTF-8"?>
<testsuite name="TestPowerChecker" tests="4" skipped="0" failures="0" errors="0" timestamp="2024-04-18T08:28:38" hostname="SVPKC" time="0.013">
  <properties/>
  <testcase name="oneRaisedToOneIsOne" classname="TestPowerChecker" time="0.009"/>
  <testcase name="twoRaisedToTwoIsFour" classname="TestPowerChecker" time="0.001"/>
  <testcase name="twoRaisedToOneIsTwo" classname="TestPowerChecker" time="0.0"/>
  <testcase name="threeRaisedToTwoIsNine" classname="TestPowerChecker" time="0.001"/>
  <system-out><![CDATA[]]></system-out>
  <system-err><![CDATA[]]></system-err>
</testsuite>
